app/build/outputs/logs/manifest-merger-debug-report.txt
-- Merging decision tree log ---
manifest
ADDED from src\main\AndroidManifest.xml:1:1-38:12
	package
		ADDED from src\main\AndroidManifest.xml:2:5-42
		INJECTED from src\main\AndroidManifest.xml
		INJECTED from src\main\AndroidManifest.xml
	android:versionName
		ADDED from src\main\AndroidManifest.xml:4:5-30
		INJECTED from src\main\AndroidManifest.xml
		INJECTED from src\main\AndroidManifest.xml
	android:versionCode
		ADDED from src\main\AndroidManifest.xml:3:5-28
		INJECTED from src\main\AndroidManifest.xml
		INJECTED from src\main\AndroidManifest.xml
	xmlns:android
		ADDED from src\main\AndroidManifest.xml:1:11-69
uses-sdk
ADDED from src\main\AndroidManifest.xml:6:5-8:41
	android:targetSdkVersion
		ADDED from src\main\AndroidManifest.xml:8:9-38
		INJECTED from src\main\AndroidManifest.xml
		INJECTED from src\main\AndroidManifest.xml
	android:minSdkVersion
		ADDED from src\main\AndroidManifest.xml:7:9-34
		INJECTED from src\main\AndroidManifest.xml
		INJECTED from src\main\AndroidManifest.xml
uses-permission#android.permission.INTERNET
ADDED from src\main\AndroidManifest.xml:10:5-67
	android:name
		ADDED from src\main\AndroidManifest.xml:10:22-64
uses-permission#android.permission.ACCESS_NETWORK_STATE
ADDED from src\main\AndroidManifest.xml:11:5-79
	android:name
		ADDED from src\main\AndroidManifest.xml:11:22-76
uses-permission#android.permission.CALL_PHONE
ADDED from src\main\AndroidManifest.xml:12:5-69
	android:name
		ADDED from src\main\AndroidManifest.xml:12:22-66
application
ADDED from src\main\AndroidManifest.xml:15:5-36:19
	android:label
		ADDED from src\main\AndroidManifest.xml:17:9-41
	android:icon
		ADDED from src\main\AndroidManifest.xml:16:9-38
	android:theme
		ADDED from src\main\AndroidManifest.xml:18:9-40
activity#company.profile.app.android.CompanyProfileApp
ADDED from src\main\AndroidManifest.xml:19:9-29:20
	android:label
		ADDED from src\main\AndroidManifest.xml:21:13-63
	android:configChanges
		ADDED from src\main\AndroidManifest.xml:23:10-60
	android:theme
		ADDED from src\main\AndroidManifest.xml:22:13-60
	android:name
		ADDED from src\main\AndroidManifest.xml:20:13-46
intent-filter#android.intent.action.MAIN+android.intent.category.LAUNCHER
ADDED from src\main\AndroidManifest.xml:24:13-28:29
action#android.intent.action.MAIN
ADDED from src\main\AndroidManifest.xml:25:17-69
	android:name
		ADDED from src\main\AndroidManifest.xml:25:25-66
category#android.intent.category.LAUNCHER
ADDED from src\main\AndroidManifest.xml:27:17-77
	android:name
		ADDED from src\main\AndroidManifest.xml:27:27-74
activity#company.profile.app.android.Portfolio
ADDED from src\main\AndroidManifest.xml:30:9-105
	android:theme
		ADDED from src\main\AndroidManifest.xml:30:46-93
	android:name
		ADDED from src\main\AndroidManifest.xml:30:19-44
activity#company.profile.app.android.Product
ADDED from src\main\AndroidManifest.xml:31:10-104
	android:theme
		ADDED from src\main\AndroidManifest.xml:31:45-92
	android:name
		ADDED from src\main\AndroidManifest.xml:31:20-43
activity#company.profile.app.android.Service
ADDED from src\main\AndroidManifest.xml:32:10-104
	android:theme
		ADDED from src\main\AndroidManifest.xml:32:45-92
	android:name
		ADDED from src\main\AndroidManifest.xml:32:20-43
activity#company.profile.app.android.About
ADDED from src\main\AndroidManifest.xml:34:9-101
	android:theme
		ADDED from src\main\AndroidManifest.xml:34:42-89
	android:name
		ADDED from src\main\AndroidManifest.xml:34:19-40
activity#company.profile.app.android.Contact
ADDED from src\main\AndroidManifest.xml:35:9-103
	android:theme
		ADDED from src\main\AndroidManifest.xml:35:44-91
	android:name
		ADDED from src\main\AndroidManifest.xml:35:19-42